C:\USERS\SCUT-WIND\DESKTOP\微分方程大作业(MFC)(20150120)\微分方程大作业(MFC)\PDEV1.0\RELEASE\BIHARMONICPDE.OBJ
C:\Users\scut-wind\Desktop\微分方程大作业(MFC)(20150120)\微分方程大作业(MFC)\PDEv1.0\Release\cl.command.1.tlog
C:\Users\scut-wind\Desktop\微分方程大作业(MFC)(20150120)\微分方程大作业(MFC)\PDEv1.0\Release\CL.read.1.tlog
C:\Users\scut-wind\Desktop\微分方程大作业(MFC)(20150120)\微分方程大作业(MFC)\PDEv1.0\Release\CL.write.1.tlog
C:\USERS\SCUT-WIND\DESKTOP\微分方程大作业(MFC)(20150120)\微分方程大作业(MFC)\PDEV1.0\RELEASE\ENABLEGROUPBOXCONTROLS.OBJ
C:\USERS\SCUT-WIND\DESKTOP\微分方程大作业(MFC)(20150120)\微分方程大作业(MFC)\PDEV1.0\RELEASE\EXPRESSION.OBJ
C:\Users\scut-wind\Desktop\微分方程大作业(MFC)(20150120)\微分方程大作业(MFC)\PDEv1.0\Release\link.command.1.tlog
C:\Users\scut-wind\Desktop\微分方程大作业(MFC)(20150120)\微分方程大作业(MFC)\PDEv1.0\Release\link.read.1.tlog
C:\Users\scut-wind\Desktop\微分方程大作业(MFC)(20150120)\微分方程大作业(MFC)\PDEv1.0\Release\link.write.1.tlog
C:\Users\scut-wind\Desktop\微分方程大作业(MFC)(20150120)\微分方程大作业(MFC)\PDEv1.0\Release\link-cvtres.read.1.tlog
C:\Users\scut-wind\Desktop\微分方程大作业(MFC)(20150120)\微分方程大作业(MFC)\PDEv1.0\Release\link-cvtres.write.1.tlog
C:\USERS\SCUT-WIND\DESKTOP\微分方程大作业(MFC)(20150120)\微分方程大作业(MFC)\PDEV1.0\RELEASE\MATRIX_ALGORITHM.OBJ
C:\Users\scut-wind\Desktop\微分方程大作业(MFC)(20150120)\微分方程大作业(MFC)\PDEv1.0\Release\mt.command.1.tlog
C:\Users\scut-wind\Desktop\微分方程大作业(MFC)(20150120)\微分方程大作业(MFC)\PDEv1.0\Release\mt.read.1.tlog
C:\Users\scut-wind\Desktop\微分方程大作业(MFC)(20150120)\微分方程大作业(MFC)\PDEv1.0\Release\mt.write.1.tlog
C:\USERS\SCUT-WIND\DESKTOP\微分方程大作业(MFC)(20150120)\微分方程大作业(MFC)\PDEV1.0\RELEASE\PARABOLICPDE.OBJ
C:\USERS\SCUT-WIND\DESKTOP\微分方程大作业(MFC)(20150120)\微分方程大作业(MFC)\PDEV1.0\RELEASE\PDE.OBJ
C:\USERS\SCUT-WIND\DESKTOP\微分方程大作业(MFC)(20150120)\微分方程大作业(MFC)\PDEV1.0\RELEASE\PDE.RES
C:\USERS\SCUT-WIND\DESKTOP\微分方程大作业(MFC)(20150120)\微分方程大作业(MFC)\PDEV1.0\RELEASE\PDE_ALGORITHM.OBJ
C:\USERS\SCUT-WIND\DESKTOP\微分方程大作业(MFC)(20150120)\微分方程大作业(MFC)\PDEV1.0\RELEASE\PDEDLG.OBJ
C:\USERS\SCUT-WIND\DESKTOP\微分方程大作业(MFC)(20150120)\微分方程大作业(MFC)\PDEV1.0\RELEASE\PDEV1.0.EXE.INTERMEDIATE.MANIFEST
C:\USERS\SCUT-WIND\DESKTOP\微分方程大作业(MFC)(20150120)\微分方程大作业(MFC)\PDEV1.0\RELEASE\PDEV1.0.PCH
C:\Users\scut-wind\Desktop\微分方程大作业(MFC)(20150120)\微分方程大作业(MFC)\PDEv1.0\Release\rc.command.1.tlog
C:\Users\scut-wind\Desktop\微分方程大作业(MFC)(20150120)\微分方程大作业(MFC)\PDEv1.0\Release\rc.read.1.tlog
C:\Users\scut-wind\Desktop\微分方程大作业(MFC)(20150120)\微分方程大作业(MFC)\PDEv1.0\Release\rc.write.1.tlog
C:\USERS\SCUT-WIND\DESKTOP\微分方程大作业(MFC)(20150120)\微分方程大作业(MFC)\PDEV1.0\RELEASE\STDAFX.OBJ
C:\USERS\SCUT-WIND\DESKTOP\微分方程大作业(MFC)(20150120)\微分方程大作业(MFC)\PDEV1.0\RELEASE\STRINGREVERSE.OBJ
C:\USERS\SCUT-WIND\DESKTOP\微分方程大作业(MFC)(20150120)\微分方程大作业(MFC)\PDEV1.0\RELEASE\VC100.PDB
C:\USERS\SCUT-WIND\DESKTOP\微分方程大作业(MFC)(20150120)\微分方程大作业(MFC)\RELEASE\PDEV1.0.EXE
C:\USERS\SCUT-WIND\DESKTOP\微分方程大作业(MFC)(20150120)\微分方程大作业(MFC)\RELEASE\PDEV1.0.PDB
