C:\USERS\SCUT-WIND\DESKTOP\微分方程大作业(MFC)(20150120)\微分方程大作业(MFC)\DEBUG\PDEV1.0.EXE
C:\USERS\SCUT-WIND\DESKTOP\微分方程大作业(MFC)(20150120)\微分方程大作业(MFC)\DEBUG\PDEV1.0.ILK
C:\USERS\SCUT-WIND\DESKTOP\微分方程大作业(MFC)(20150120)\微分方程大作业(MFC)\DEBUG\PDEV1.0.PDB
C:\USERS\SCUT-WIND\DESKTOP\微分方程大作业(MFC)(20150120)\微分方程大作业(MFC)\PDEV1.0\DEBUG\BIHARMONICPDE.OBJ
C:\Users\scut-wind\Desktop\微分方程大作业(MFC)(20150120)\微分方程大作业(MFC)\PDEv1.0\Debug\cl.command.1.tlog
C:\Users\scut-wind\Desktop\微分方程大作业(MFC)(20150120)\微分方程大作业(MFC)\PDEv1.0\Debug\CL.read.1.tlog
C:\Users\scut-wind\Desktop\微分方程大作业(MFC)(20150120)\微分方程大作业(MFC)\PDEv1.0\Debug\CL.write.1.tlog
C:\USERS\SCUT-WIND\DESKTOP\微分方程大作业(MFC)(20150120)\微分方程大作业(MFC)\PDEV1.0\DEBUG\ENABLEGROUPBOXCONTROLS.OBJ
C:\USERS\SCUT-WIND\DESKTOP\微分方程大作业(MFC)(20150120)\微分方程大作业(MFC)\PDEV1.0\DEBUG\EXPRESSION.OBJ
C:\Users\scut-wind\Desktop\微分方程大作业(MFC)(20150120)\微分方程大作业(MFC)\PDEv1.0\Debug\link.command.1.tlog
C:\Users\scut-wind\Desktop\微分方程大作业(MFC)(20150120)\微分方程大作业(MFC)\PDEv1.0\Debug\link.read.1.tlog
C:\Users\scut-wind\Desktop\微分方程大作业(MFC)(20150120)\微分方程大作业(MFC)\PDEv1.0\Debug\link.write.1.tlog
C:\Users\scut-wind\Desktop\微分方程大作业(MFC)(20150120)\微分方程大作业(MFC)\PDEv1.0\Debug\link-cvtres.read.1.tlog
C:\Users\scut-wind\Desktop\微分方程大作业(MFC)(20150120)\微分方程大作业(MFC)\PDEv1.0\Debug\link-cvtres.write.1.tlog
C:\USERS\SCUT-WIND\DESKTOP\微分方程大作业(MFC)(20150120)\微分方程大作业(MFC)\PDEV1.0\DEBUG\MATRIX_ALGORITHM.OBJ
C:\Users\scut-wind\Desktop\微分方程大作业(MFC)(20150120)\微分方程大作业(MFC)\PDEv1.0\Debug\mt.command.1.tlog
C:\Users\scut-wind\Desktop\微分方程大作业(MFC)(20150120)\微分方程大作业(MFC)\PDEv1.0\Debug\mt.read.1.tlog
C:\Users\scut-wind\Desktop\微分方程大作业(MFC)(20150120)\微分方程大作业(MFC)\PDEv1.0\Debug\mt.write.1.tlog
C:\USERS\SCUT-WIND\DESKTOP\微分方程大作业(MFC)(20150120)\微分方程大作业(MFC)\PDEV1.0\DEBUG\PARABOLICPDE.OBJ
C:\USERS\SCUT-WIND\DESKTOP\微分方程大作业(MFC)(20150120)\微分方程大作业(MFC)\PDEV1.0\DEBUG\PDE.OBJ
C:\USERS\SCUT-WIND\DESKTOP\微分方程大作业(MFC)(20150120)\微分方程大作业(MFC)\PDEV1.0\DEBUG\PDE.RES
C:\USERS\SCUT-WIND\DESKTOP\微分方程大作业(MFC)(20150120)\微分方程大作业(MFC)\PDEV1.0\DEBUG\PDE_ALGORITHM.OBJ
C:\USERS\SCUT-WIND\DESKTOP\微分方程大作业(MFC)(20150120)\微分方程大作业(MFC)\PDEV1.0\DEBUG\PDEDLG.OBJ
C:\USERS\SCUT-WIND\DESKTOP\微分方程大作业(MFC)(20150120)\微分方程大作业(MFC)\PDEV1.0\DEBUG\PDEV1.0.EXE.EMBED.MANIFEST
C:\USERS\SCUT-WIND\DESKTOP\微分方程大作业(MFC)(20150120)\微分方程大作业(MFC)\PDEV1.0\DEBUG\PDEV1.0.EXE.EMBED.MANIFEST.RES
C:\USERS\SCUT-WIND\DESKTOP\微分方程大作业(MFC)(20150120)\微分方程大作业(MFC)\PDEV1.0\DEBUG\PDEV1.0.EXE.INTERMEDIATE.MANIFEST
C:\USERS\SCUT-WIND\DESKTOP\微分方程大作业(MFC)(20150120)\微分方程大作业(MFC)\PDEV1.0\DEBUG\PDEV1.0.PCH
C:\Users\scut-wind\Desktop\微分方程大作业(MFC)(20150120)\微分方程大作业(MFC)\PDEv1.0\Debug\PDEv1.0_manifest.rc
C:\Users\scut-wind\Desktop\微分方程大作业(MFC)(20150120)\微分方程大作业(MFC)\PDEv1.0\Debug\rc.command.1.tlog
C:\Users\scut-wind\Desktop\微分方程大作业(MFC)(20150120)\微分方程大作业(MFC)\PDEv1.0\Debug\rc.read.1.tlog
C:\Users\scut-wind\Desktop\微分方程大作业(MFC)(20150120)\微分方程大作业(MFC)\PDEv1.0\Debug\rc.write.1.tlog
C:\USERS\SCUT-WIND\DESKTOP\微分方程大作业(MFC)(20150120)\微分方程大作业(MFC)\PDEV1.0\DEBUG\STDAFX.OBJ
C:\USERS\SCUT-WIND\DESKTOP\微分方程大作业(MFC)(20150120)\微分方程大作业(MFC)\PDEV1.0\DEBUG\STRINGREVERSE.OBJ
C:\Users\scut-wind\Desktop\微分方程大作业(MFC)(20150120)\微分方程大作业(MFC)\PDEv1.0\Debug\vc100.idb
C:\USERS\SCUT-WIND\DESKTOP\微分方程大作业(MFC)(20150120)\微分方程大作业(MFC)\PDEV1.0\DEBUG\VC100.PDB
